<?xml version="1.0" encoding="UTF-8"?>
<testExecutions version="1">
    <file path="D:\code\personal\clean-typescript-template\tests\index.test.ts">
    </file>
</testExecutions>